[nltk_data] Downloading package punkt to /home/vista-ai/nltk_data...
[nltk_data]   Package punkt is already up-to-date!
[nltk_data] Downloading package stopwords to /home/vista-
[nltk_data]     ai/nltk_data...
[nltk_data]   Package stopwords is already up-to-date!
[nltk_data] Downloading package wordnet to /home/vista-ai/nltk_data...
[nltk_data]   Package wordnet is already up-to-date!
[nltk_data] Downloading package omw-1.4 to /home/vista-ai/nltk_data...
[nltk_data]   Package omw-1.4 is already up-to-date!
INFO:2024-11-20:Signal error : object of type 'NoneType' has no len()
INFO:2024-11-20:Signal error : object of type 'NoneType' has no len()
INFO:2024-11-20:Signal error : object of type 'NoneType' has no len()
INFO:2024-11-20:Signal error : object of type 'NoneType' has no len()
INFO:2024-11-20:Signal error : object of type 'NoneType' has no len()
INFO:2024-11-20:Signal error : object of type 'NoneType' has no len()
INFO:2024-11-20:Signal error : object of type 'NoneType' has no len()
INFO:2024-11-20:Signal error : object of type 'NoneType' has no len()
INFO:2024-11-20:Signal error : object of type 'NoneType' has no len()
INFO:2024-11-20:Signal error : object of type 'NoneType' has no len()
INFO:2024-11-20:Signal error : object of type 'NoneType' has no len()
INFO:2024-11-20:Signal error : object of type 'NoneType' has no len()
INFO:2024-11-20:Signal error : object of type 'NoneType' has no len()
INFO:2024-11-20:Signal error : object of type 'NoneType' has no len()
INFO:2024-11-20:Signal error : object of type 'NoneType' has no len()
INFO:2024-11-20:Signal error : object of type 'NoneType' has no len()
INFO:2024-11-20:Signal error : object of type 'NoneType' has no len()
INFO:2024-11-20:Signal error : object of type 'NoneType' has no len()
INFO:2024-11-20:Signal error : object of type 'NoneType' has no len()
INFO:2024-11-20:Signal error : object of type 'NoneType' has no len()
INFO:2024-11-20:Signal error : object of type 'NoneType' has no len()
INFO:2024-11-20:Signal error : object of type 'NoneType' has no len()
INFO:2024-11-20:Signal error : object of type 'NoneType' has no len()
INFO:2024-11-20:Signal error : object of type 'NoneType' has no len()
INFO:2024-11-20:Signal error : object of type 'NoneType' has no len()
INFO:2024-11-20:Signal error : object of type 'NoneType' has no len()
INFO:2024-11-20:Signal error : object of type 'NoneType' has no len()
INFO:2024-11-20:Signal error : object of type 'NoneType' has no len()
INFO:2024-11-20:Signal error : object of type 'NoneType' has no len()
INFO:2024-11-20:Signal error : object of type 'NoneType' has no len()
INFO:2024-11-20:Signal error : object of type 'NoneType' has no len()
INFO:2024-11-20:Signal error : object of type 'NoneType' has no len()
INFO:2024-11-20:Signal error : object of type 'NoneType' has no len()
INFO:2024-11-20:Signal error : object of type 'NoneType' has no len()
INFO:2024-11-20:Signal error : object of type 'NoneType' has no len()
INFO:2024-11-20:Signal error : object of type 'NoneType' has no len()
INFO:2024-11-20:Signal error : object of type 'NoneType' has no len()
INFO:2024-11-20:Signal error : object of type 'NoneType' has no len()
INFO:2024-11-20:Signal error : object of type 'NoneType' has no len()
INFO:2024-11-20:Signal error : object of type 'NoneType' has no len()
INFO:2024-11-20:Signal error : object of type 'NoneType' has no len()
INFO:2024-11-20:Signal error : object of type 'NoneType' has no len()
INFO:2024-11-20:Signal error : object of type 'NoneType' has no len()
INFO:2024-11-20:Signal error : object of type 'NoneType' has no len()
INFO:2024-11-20:Signal error : object of type 'NoneType' has no len()
INFO:2024-11-20:Signal error : object of type 'NoneType' has no len()
INFO:2024-11-20:Signal error : object of type 'NoneType' has no len()
INFO:2024-11-20:Signal error : object of type 'NoneType' has no len()
INFO:2024-11-20:Signal error : object of type 'NoneType' has no len()
INFO:2024-11-20:Signal error : object of type 'NoneType' has no len()
INFO:2024-11-20:Signal error : object of type 'NoneType' has no len()
INFO:2024-11-20:Signal error : object of type 'NoneType' has no len()
INFO:2024-11-20:Signal error : object of type 'NoneType' has no len()
INFO:2024-11-20:Signal error : object of type 'NoneType' has no len()
INFO:2024-11-20:Signal error : object of type 'NoneType' has no len()
INFO:2024-11-20:Signal error : object of type 'NoneType' has no len()
INFO:2024-11-20:Signal error : object of type 'NoneType' has no len()
INFO:2024-11-20:Signal error : object of type 'NoneType' has no len()
INFO:2024-11-20:Signal error : object of type 'NoneType' has no len()
INFO:2024-11-20:Signal error : object of type 'NoneType' has no len()
INFO:2024-11-20:Signal error : object of type 'NoneType' has no len()
INFO:2024-11-20:Signal error : object of type 'NoneType' has no len()
INFO:2024-11-20:Signal error : object of type 'NoneType' has no len()
INFO:2024-11-20:Signal error : object of type 'NoneType' has no len()
INFO:2024-11-20:Signal error : object of type 'NoneType' has no len()
INFO:2024-11-20:Signal error : object of type 'NoneType' has no len()
INFO:2024-11-20:Signal error : object of type 'NoneType' has no len()
INFO:2024-11-20:Signal error : object of type 'NoneType' has no len()
INFO:2024-11-20:Signal error : object of type 'NoneType' has no len()
INFO:2024-11-20:Signal error : object of type 'NoneType' has no len()
INFO:2024-11-20:Signal error : object of type 'NoneType' has no len()
INFO:2024-11-20:Signal error : object of type 'NoneType' has no len()
INFO:2024-11-20:Signal error : object of type 'NoneType' has no len()
INFO:2024-11-20:Signal error : object of type 'NoneType' has no len()
INFO:2024-11-20:Signal error : object of type 'NoneType' has no len()
INFO:2024-11-20:Signal error : object of type 'NoneType' has no len()
INFO:2024-11-20:Signal error : object of type 'NoneType' has no len()
INFO:2024-11-20:Signal error : object of type 'NoneType' has no len()
INFO:2024-11-20:Signal error : object of type 'NoneType' has no len()
INFO:2024-11-20:Signal error : object of type 'NoneType' has no len()
INFO:2024-11-20:Signal error : object of type 'NoneType' has no len()
INFO:2024-11-20:Signal error : object of type 'NoneType' has no len()
INFO:2024-11-20:Signal error : object of type 'NoneType' has no len()
INFO:2024-11-20:Signal error : object of type 'NoneType' has no len()
INFO:2024-11-20:Signal error : object of type 'NoneType' has no len()
INFO:2024-11-20:Signal error : object of type 'NoneType' has no len()
INFO:2024-11-20:Signal error : object of type 'NoneType' has no len()
INFO:2024-11-20:Signal error : object of type 'NoneType' has no len()
INFO:2024-11-20:Signal error : object of type 'NoneType' has no len()
INFO:2024-11-20:Signal error : object of type 'NoneType' has no len()
INFO:2024-11-20:Signal error : object of type 'NoneType' has no len()
INFO:2024-11-20:Signal error : object of type 'NoneType' has no len()
INFO:2024-11-20:Signal error : object of type 'NoneType' has no len()
INFO:2024-11-20:Signal error : object of type 'NoneType' has no len()
INFO:2024-11-20:Signal error : object of type 'NoneType' has no len()
INFO:2024-11-20:Signal error : object of type 'NoneType' has no len()
INFO:2024-11-20:Signal error : object of type 'NoneType' has no len()
INFO:2024-11-20:Signal error : object of type 'NoneType' has no len()
INFO:2024-11-20:Signal error : object of type 'NoneType' has no len()
INFO:2024-11-20:Signal error : object of type 'NoneType' has no len()
INFO:2024-11-20:Signal error : object of type 'NoneType' has no len()
INFO:2024-11-20:Signal error : object of type 'NoneType' has no len()
INFO:2024-11-20:Signal error : object of type 'NoneType' has no len()
INFO:2024-11-20:Signal error : object of type 'NoneType' has no len()
INFO:2024-11-20:Signal error : object of type 'NoneType' has no len()
INFO:2024-11-20:Signal error : object of type 'NoneType' has no len()
INFO:2024-11-20:Signal error : object of type 'NoneType' has no len()
INFO:2024-11-20:Signal error : object of type 'NoneType' has no len()
INFO:2024-11-20:Signal error : object of type 'NoneType' has no len()
INFO:2024-11-20:Signal error : object of type 'NoneType' has no len()
INFO:2024-11-20:Signal error : object of type 'NoneType' has no len()
INFO:2024-11-20:Signal error : object of type 'NoneType' has no len()
INFO:2024-11-20:Signal error : object of type 'NoneType' has no len()
INFO:2024-11-20:Signal error : object of type 'NoneType' has no len()
INFO:2024-11-20:Signal error : object of type 'NoneType' has no len()
INFO:2024-11-20:Signal error : object of type 'NoneType' has no len()
INFO:2024-11-20:Signal error : object of type 'NoneType' has no len()
INFO:2024-11-20:Signal error : object of type 'NoneType' has no len()
INFO:2024-11-20:Signal error : object of type 'NoneType' has no len()
INFO:2024-11-20:Signal error : object of type 'NoneType' has no len()
INFO:2024-11-20:Signal error : object of type 'NoneType' has no len()
INFO:2024-11-20:Signal error : object of type 'NoneType' has no len()
INFO:2024-11-20:Signal error : object of type 'NoneType' has no len()
INFO:2024-11-20:Signal error : object of type 'NoneType' has no len()
INFO:2024-11-20:Signal error : object of type 'NoneType' has no len()
INFO:2024-11-20:Signal error : object of type 'NoneType' has no len()
INFO:2024-11-20:Signal error : object of type 'NoneType' has no len()
INFO:2024-11-20:Signal error : object of type 'NoneType' has no len()
INFO:2024-11-20:Signal error : object of type 'NoneType' has no len()
INFO:2024-11-20:Signal error : object of type 'NoneType' has no len()
INFO:2024-11-20:Signal error : object of type 'NoneType' has no len()
INFO:2024-11-20:Signal error : object of type 'NoneType' has no len()
INFO:2024-11-20:Signal error : object of type 'NoneType' has no len()
INFO:2024-11-20:Signal error : object of type 'NoneType' has no len()
INFO:2024-11-20:Signal error : object of type 'NoneType' has no len()
INFO:2024-11-20:Signal error : object of type 'NoneType' has no len()
INFO:2024-11-20:Signal error : object of type 'NoneType' has no len()
INFO:2024-11-20:Signal error : object of type 'NoneType' has no len()
INFO:2024-11-20:Signal error : object of type 'NoneType' has no len()
INFO:2024-11-20:Signal error : object of type 'NoneType' has no len()
INFO:2024-11-20:Signal error : object of type 'NoneType' has no len()
INFO:2024-11-20:Signal error : object of type 'NoneType' has no len()
INFO:2024-11-20:Signal error : object of type 'NoneType' has no len()
INFO:2024-11-20:Signal error : object of type 'NoneType' has no len()
INFO:2024-11-20:Signal error : object of type 'NoneType' has no len()
INFO:2024-11-20:Signal error : object of type 'NoneType' has no len()
INFO:2024-11-20:Signal error : object of type 'NoneType' has no len()
INFO:2024-11-20:Signal error : object of type 'NoneType' has no len()
INFO:2024-11-20:Signal error : object of type 'NoneType' has no len()
INFO:2024-11-20:Signal error : object of type 'NoneType' has no len()
INFO:2024-11-20:Signal error : object of type 'NoneType' has no len()
INFO:2024-11-20:Signal error : object of type 'NoneType' has no len()
INFO:2024-11-20:Signal error : object of type 'NoneType' has no len()
INFO:2024-11-20:Signal error : object of type 'NoneType' has no len()
INFO:2024-11-20:Signal error : object of type 'NoneType' has no len()
INFO:2024-11-20:Signal error : object of type 'NoneType' has no len()
INFO:2024-11-20:Signal error : object of type 'NoneType' has no len()
INFO:2024-11-20:Signal error : object of type 'NoneType' has no len()
INFO:2024-11-20:Signal error : object of type 'NoneType' has no len()
INFO:2024-11-20:Signal error : object of type 'NoneType' has no len()
INFO:2024-11-20:Signal error : object of type 'NoneType' has no len()
INFO:2024-11-20:Signal error : object of type 'NoneType' has no len()
INFO:2024-11-20:Signal error : object of type 'NoneType' has no len()
INFO:2024-11-20:Signal error : object of type 'NoneType' has no len()
INFO:2024-11-20:Signal error : object of type 'NoneType' has no len()
INFO:2024-11-20:Signal error : object of type 'NoneType' has no len()
INFO:2024-11-20:Signal error : object of type 'NoneType' has no len()
INFO:2024-11-20:Signal error : object of type 'NoneType' has no len()
INFO:2024-11-20:Signal error : object of type 'NoneType' has no len()
INFO:2024-11-20:Signal error : object of type 'NoneType' has no len()
INFO:2024-11-20:Signal error : object of type 'NoneType' has no len()
INFO:2024-11-20:Signal error : object of type 'NoneType' has no len()
INFO:2024-11-20:Signal error : object of type 'NoneType' has no len()
INFO:2024-11-20:Signal error : object of type 'NoneType' has no len()
INFO:2024-11-20:Signal error : object of type 'NoneType' has no len()
INFO:2024-11-20:Signal error : object of type 'NoneType' has no len()
INFO:2024-11-20:Signal error : object of type 'NoneType' has no len()
INFO:2024-11-20:Signal error : object of type 'NoneType' has no len()
INFO:2024-11-20:Signal error : object of type 'NoneType' has no len()
INFO:2024-11-20:Signal error : object of type 'NoneType' has no len()
INFO:2024-11-20:Signal error : object of type 'NoneType' has no len()
INFO:2024-11-20:Signal error : object of type 'NoneType' has no len()
INFO:2024-11-20:Signal error : object of type 'NoneType' has no len()
INFO:2024-11-20:Signal error : object of type 'NoneType' has no len()
INFO:2024-11-20:Signal error : object of type 'NoneType' has no len()
INFO:2024-11-20:Signal error : object of type 'NoneType' has no len()
INFO:2024-11-20:Signal error : object of type 'NoneType' has no len()
INFO:2024-11-20:Signal error : object of type 'NoneType' has no len()
INFO:2024-11-20:Signal error : object of type 'NoneType' has no len()
INFO:2024-11-20:Signal error : object of type 'NoneType' has no len()
INFO:2024-11-20:Signal error : object of type 'NoneType' has no len()
INFO:2024-11-20:Signal error : object of type 'NoneType' has no len()
INFO:2024-11-20:Signal error : object of type 'NoneType' has no len()
INFO:2024-11-20:Signal error : object of type 'NoneType' has no len()
INFO:2024-11-20:Signal error : object of type 'NoneType' has no len()
INFO:2024-11-20:Signal error : object of type 'NoneType' has no len()
INFO:2024-11-20:Signal error : object of type 'NoneType' has no len()
INFO:2024-11-20:Signal error : object of type 'NoneType' has no len()
INFO:2024-11-20:Signal error : object of type 'NoneType' has no len()
INFO:2024-11-20:Signal error : object of type 'NoneType' has no len()
INFO:2024-11-20:Signal error : object of type 'NoneType' has no len()
INFO:2024-11-20:Signal error : object of type 'NoneType' has no len()
INFO:2024-11-20:Signal error : object of type 'NoneType' has no len()
INFO:2024-11-20:Signal error : object of type 'NoneType' has no len()
INFO:2024-11-20:Signal error : object of type 'NoneType' has no len()
INFO:2024-11-20:Signal error : object of type 'NoneType' has no len()
INFO:2024-11-20:Signal error : object of type 'NoneType' has no len()
INFO:2024-11-20:Signal error : object of type 'NoneType' has no len()
INFO:2024-11-20:Signal error : object of type 'NoneType' has no len()
INFO:2024-11-20:Signal error : object of type 'NoneType' has no len()
INFO:2024-11-20:Signal error : object of type 'NoneType' has no len()
INFO:2024-11-20:Signal error : object of type 'NoneType' has no len()
INFO:2024-11-20:Signal error : object of type 'NoneType' has no len()
INFO:2024-11-20:Signal error : object of type 'NoneType' has no len()
INFO:2024-11-20:Signal error : object of type 'NoneType' has no len()
INFO:2024-11-20:Signal error : object of type 'NoneType' has no len()
INFO:2024-11-20:Signal error : object of type 'NoneType' has no len()
INFO:2024-11-20:Signal error : object of type 'NoneType' has no len()
INFO:2024-11-20:Signal error : object of type 'NoneType' has no len()
INFO:2024-11-20:Signal error : object of type 'NoneType' has no len()
INFO:2024-11-20:Signal error : object of type 'NoneType' has no len()
INFO:2024-11-20:Signal error : object of type 'NoneType' has no len()
INFO:2024-11-20:Signal error : object of type 'NoneType' has no len()
INFO:2024-11-20:Signal error : object of type 'NoneType' has no len()
INFO:2024-11-20:Signal error : object of type 'NoneType' has no len()
INFO:2024-11-20:Signal error : object of type 'NoneType' has no len()
INFO:2024-11-20:Signal error : object of type 'NoneType' has no len()
INFO:2024-11-20:Signal error : object of type 'NoneType' has no len()
INFO:2024-11-20:Signal error : object of type 'NoneType' has no len()
INFO:2024-11-20:Signal error : object of type 'NoneType' has no len()
INFO:2024-11-20:Signal error : object of type 'NoneType' has no len()
INFO:2024-11-20:Signal error : object of type 'NoneType' has no len()
INFO:2024-11-20:Signal error : object of type 'NoneType' has no len()
INFO:2024-11-20:Signal error : object of type 'NoneType' has no len()
INFO:2024-11-20:Signal error : object of type 'NoneType' has no len()
INFO:2024-11-20:Signal error : object of type 'NoneType' has no len()
INFO:2024-11-20:Signal error : object of type 'NoneType' has no len()
INFO:2024-11-20:Signal error : object of type 'NoneType' has no len()
INFO:2024-11-20:Signal error : object of type 'NoneType' has no len()
INFO:2024-11-20:Signal error : object of type 'NoneType' has no len()
INFO:2024-11-20:Signal error : object of type 'NoneType' has no len()
INFO:2024-11-20:Signal error : object of type 'NoneType' has no len()
INFO:2024-11-20:Signal error : object of type 'NoneType' has no len()
INFO:2024-11-20:Signal error : object of type 'NoneType' has no len()
INFO:2024-11-20:Signal error : object of type 'NoneType' has no len()
INFO:2024-11-20:Signal error : object of type 'NoneType' has no len()
INFO:2024-11-20:Signal error : object of type 'NoneType' has no len()
INFO:2024-11-20:Signal error : object of type 'NoneType' has no len()
INFO:2024-11-20:Signal error : object of type 'NoneType' has no len()
INFO:2024-11-20:Signal error : object of type 'NoneType' has no len()
INFO:2024-11-20:Signal error : object of type 'NoneType' has no len()
INFO:2024-11-20:Signal error : object of type 'NoneType' has no len()
INFO:2024-11-20:Signal error : object of type 'NoneType' has no len()
INFO:2024-11-20:Signal error : object of type 'NoneType' has no len()
INFO:2024-11-20:Signal error : object of type 'NoneType' has no len()
INFO:2024-11-20:Signal error : object of type 'NoneType' has no len()
INFO:2024-11-20:Signal error : object of type 'NoneType' has no len()
INFO:2024-11-20:Signal error : object of type 'NoneType' has no len()
INFO:2024-11-20:Signal error : object of type 'NoneType' has no len()
INFO:2024-11-20:Signal error : object of type 'NoneType' has no len()
INFO:2024-11-20:Signal error : object of type 'NoneType' has no len()
INFO:2024-11-20:Signal error : object of type 'NoneType' has no len()
INFO:2024-11-20:Signal error : object of type 'NoneType' has no len()
INFO:2024-11-20:Signal error : object of type 'NoneType' has no len()
INFO:2024-11-20:Signal error : object of type 'NoneType' has no len()
INFO:2024-11-20:Signal error : object of type 'NoneType' has no len()
INFO:2024-11-20:Signal error : object of type 'NoneType' has no len()
INFO:2024-11-20:Signal error : object of type 'NoneType' has no len()
INFO:2024-11-20:Signal error : object of type 'NoneType' has no len()
INFO:2024-11-20:Signal error : object of type 'NoneType' has no len()
INFO:2024-11-20:Signal error : object of type 'NoneType' has no len()
INFO:2024-11-20:Signal error : object of type 'NoneType' has no len()
INFO:2024-11-20:Signal error : object of type 'NoneType' has no len()
INFO:2024-11-20:Signal error : object of type 'NoneType' has no len()
INFO:2024-11-20:Signal error : object of type 'NoneType' has no len()
INFO:2024-11-20:Signal error : object of type 'NoneType' has no len()
INFO:2024-11-20:Signal error : object of type 'NoneType' has no len()
INFO:2024-11-20:Signal error : object of type 'NoneType' has no len()
INFO:2024-11-20:Signal error : object of type 'NoneType' has no len()
INFO:2024-11-20:Signal error : object of type 'NoneType' has no len()
INFO:2024-11-20:Signal error : object of type 'NoneType' has no len()
INFO:2024-11-20:Signal error : object of type 'NoneType' has no len()
INFO:2024-11-20:Signal error : object of type 'NoneType' has no len()
INFO:2024-11-20:Signal error : object of type 'NoneType' has no len()
INFO:2024-11-20:Signal error : object of type 'NoneType' has no len()
INFO:2024-11-20:Signal error : object of type 'NoneType' has no len()
INFO:2024-11-20:Signal error : object of type 'NoneType' has no len()
INFO:2024-11-20:Signal error : object of type 'NoneType' has no len()
INFO:2024-11-20:Signal error : object of type 'NoneType' has no len()
INFO:2024-11-20:Signal error : object of type 'NoneType' has no len()
INFO:2024-11-20:Signal error : object of type 'NoneType' has no len()
INFO:2024-11-20:Signal error : object of type 'NoneType' has no len()
INFO:2024-11-20:Signal error : object of type 'NoneType' has no len()
INFO:2024-11-20:Signal error : object of type 'NoneType' has no len()
INFO:2024-11-20:Signal error : object of type 'NoneType' has no len()
INFO:2024-11-20:Signal error : object of type 'NoneType' has no len()
INFO:2024-11-20:Signal error : object of type 'NoneType' has no len()
INFO:2024-11-20:Signal error : object of type 'NoneType' has no len()
INFO:2024-11-20:Signal error : object of type 'NoneType' has no len()
INFO:2024-11-20:Signal error : object of type 'NoneType' has no len()
INFO:2024-11-20:Signal error : object of type 'NoneType' has no len()
INFO:2024-11-20:Signal error : object of type 'NoneType' has no len()
INFO:2024-11-20:Signal error : object of type 'NoneType' has no len()
INFO:2024-11-20:Signal error : object of type 'NoneType' has no len()
INFO:2024-11-20:Signal error : object of type 'NoneType' has no len()
INFO:2024-11-20:Signal error : object of type 'NoneType' has no len()
INFO:2024-11-20:Signal error : object of type 'NoneType' has no len()
INFO:2024-11-20:Signal error : object of type 'NoneType' has no len()
INFO:2024-11-20:Signal error : object of type 'NoneType' has no len()
INFO:2024-11-20:Signal error : object of type 'NoneType' has no len()
INFO:2024-11-20:Signal error : object of type 'NoneType' has no len()
INFO:2024-11-20:Signal error : object of type 'NoneType' has no len()
INFO:2024-11-20:Signal error : object of type 'NoneType' has no len()
INFO:2024-11-20:Signal error : object of type 'NoneType' has no len()
INFO:2024-11-20:Signal error : object of type 'NoneType' has no len()
INFO:2024-11-20:Signal error : object of type 'NoneType' has no len()
INFO:2024-11-20:Signal error : object of type 'NoneType' has no len()
INFO:2024-11-20:Signal error : object of type 'NoneType' has no len()
INFO:2024-11-20:Signal error : object of type 'NoneType' has no len()
INFO:2024-11-20:Signal error : object of type 'NoneType' has no len()
INFO:2024-11-20:Signal error : object of type 'NoneType' has no len()
INFO:2024-11-20:Signal error : object of type 'NoneType' has no len()
INFO:2024-11-20:Signal error : object of type 'NoneType' has no len()
INFO:2024-11-20:Signal error : object of type 'NoneType' has no len()
INFO:2024-11-20:Signal error : object of type 'NoneType' has no len()
INFO:2024-11-20:Signal error : object of type 'NoneType' has no len()
INFO:2024-11-20:Signal error : object of type 'NoneType' has no len()
INFO:2024-11-20:Signal error : object of type 'NoneType' has no len()
INFO:2024-11-20:Signal error : object of type 'NoneType' has no len()
INFO:2024-11-20:Signal error : object of type 'NoneType' has no len()
INFO:2024-11-20:Signal error : object of type 'NoneType' has no len()
INFO:2024-11-20:Signal error : object of type 'NoneType' has no len()
INFO:2024-11-20:Signal error : object of type 'NoneType' has no len()
INFO:2024-11-20:Signal error : object of type 'NoneType' has no len()
INFO:2024-11-20:Signal error : object of type 'NoneType' has no len()
INFO:2024-11-20:Signal error : object of type 'NoneType' has no len()
INFO:2024-11-20:Signal error : object of type 'NoneType' has no len()
INFO:2024-11-20:Signal error : object of type 'NoneType' has no len()
INFO:2024-11-20:Signal error : object of type 'NoneType' has no len()
INFO:2024-11-20:Signal error : object of type 'NoneType' has no len()
INFO:2024-11-20:Signal error : object of type 'NoneType' has no len()
INFO:2024-11-20:Signal error : object of type 'NoneType' has no len()
INFO:2024-11-20:Signal error : object of type 'NoneType' has no len()
INFO:2024-11-20:Signal error : object of type 'NoneType' has no len()
INFO:2024-11-20:Signal error : object of type 'NoneType' has no len()
INFO:2024-11-20:Signal error : object of type 'NoneType' has no len()
INFO:2024-11-20:Signal error : object of type 'NoneType' has no len()
